Loading db file '/home/mariagrazia.graziano/do/libnangate/NangateOpenCellLibrary_typical_ecsm.db'
Information: Propagating switching activity (low effort zero delay simulation). (PWR-6)
Warning: Design has unannotated primary inputs. (PWR-414)
Warning: Design has unannotated sequential cell outputs. (PWR-415)
 
****************************************
Report : power
        -analysis_effort low
Design : CPU
Version: F-2011.09-SP3
Date   : Wed Oct 26 20:14:45 2022
****************************************


Library(s) Used:

    NangateOpenCellLibrary (File: /home/mariagrazia.graziano/do/libnangate/NangateOpenCellLibrary_typical_ecsm.db)


Operating Conditions: typical   Library: NangateOpenCellLibrary
Wire Load Model Mode: top

Design        Wire Load Model            Library
------------------------------------------------
CPU                    5K_hvratio_1_4    NangateOpenCellLibrary


Global Operating Voltage = 1.1  
Power-specific unit information :
    Voltage Units = 1V
    Capacitance Units = 1.000000ff
    Time Units = 1ns
    Dynamic Power Units = 1uW    (derived from V,C,T units)
    Leakage Power Units = 1nW


  Cell Internal Power  =   8.9790 mW   (94%)
  Net Switching Power  = 529.8092 uW    (6%)
                         ---------
Total Dynamic Power    =   9.5088 mW  (100%)

Cell Leakage Power     = 297.6465 uW


                 Internal         Switching           Leakage            Total
Power Group      Power            Power               Power              Power   (   %    )  Attrs
--------------------------------------------------------------------------------------------------
io_pad             0.0000            0.0000            0.0000            0.0000  (   0.00%)
memory             0.0000            0.0000            0.0000            0.0000  (   0.00%)
black_box          0.0000            0.0000            0.0000            0.0000  (   0.00%)
clock_network      0.0000            0.0000            0.0000            0.0000  (   0.00%)
register       8.7560e+03           61.2617        1.1900e+05        8.9362e+03  (  91.13%)
sequential         1.0183            0.3886        2.4920e+03            3.8990  (   0.04%)
combinational    221.9732          468.1610        1.7615e+05          866.2823  (   8.83%)
--------------------------------------------------------------------------------------------------
Total          8.9790e+03 uW       529.8113 uW     2.9765e+05 nW     9.8064e+03 uW
1
