 
****************************************
Report : area
Design : CPU
Version: F-2011.09-SP3
Date   : Wed Oct 26 20:40:47 2022
****************************************

Library(s) Used:

    NangateOpenCellLibrary (File: /home/mariagrazia.graziano/do/libnangate/NangateOpenCellLibrary_typical_ecsm.db)

Number of ports:                          163
Number of nets:                           222
Number of cells:                            3
Number of combinational cells:              0
Number of sequential cells:                 0
Number of macros:                           0
Number of buf/inv:                          0
Number of references:                       3

Combinational area:       7041.020061
Noncombinational area:    8076.292258
Net Interconnect area:      undefined  (Wire load has zero net area)

Total cell area:          15117.312318
Total area:                 undefined
1
