Loading db file '/home/ms22.4/dlx_simone/syn/libnangate/NangateOpenCellLibrary_typical_ecsm.db'
Information: Propagating switching activity (low effort zero delay simulation). (PWR-6)
Warning: Design has unannotated primary inputs. (PWR-414)
Warning: Design has unannotated sequential cell outputs. (PWR-415)
 
****************************************
Report : power
        -analysis_effort low
Design : CPU
Version: F-2011.09-SP3
Date   : Thu Oct 27 17:16:47 2022
****************************************


Library(s) Used:

    NangateOpenCellLibrary (File: /home/ms22.4/dlx_simone/syn/libnangate/NangateOpenCellLibrary_typical_ecsm.db)


Operating Conditions: typical   Library: NangateOpenCellLibrary
Wire Load Model Mode: top

Design        Wire Load Model            Library
------------------------------------------------
CPU                    5K_hvratio_1_4    NangateOpenCellLibrary


Global Operating Voltage = 1.1  
Power-specific unit information :
    Voltage Units = 1V
    Capacitance Units = 1.000000ff
    Time Units = 1ns
    Dynamic Power Units = 1uW    (derived from V,C,T units)
    Leakage Power Units = 1nW


  Cell Internal Power  =  10.8703 mW   (94%)
  Net Switching Power  = 658.9312 uW    (6%)
                         ---------
Total Dynamic Power    =  11.5292 mW  (100%)

Cell Leakage Power     = 310.6312 uW


                 Internal         Switching           Leakage            Total
Power Group      Power            Power               Power              Power   (   %    )  Attrs
--------------------------------------------------------------------------------------------------
io_pad             0.0000            0.0000            0.0000            0.0000  (   0.00%)
memory             0.0000            0.0000            0.0000            0.0000  (   0.00%)
black_box          0.0000            0.0000            0.0000            0.0000  (   0.00%)
clock_network      0.0000            0.0000            0.0000            0.0000  (   0.00%)
register       1.0589e+04           72.1888        1.1872e+05        1.0780e+04  (  91.05%)
sequential         1.2322            0.4703        2.4920e+03            4.1945  (   0.04%)
combinational    280.1742          586.2704        1.8942e+05        1.0559e+03  (   8.92%)
--------------------------------------------------------------------------------------------------
Total          1.0870e+04 uW       658.9294 uW     3.1063e+05 nW     1.1840e+04 uW
1
