 
****************************************
Report : area
Design : CPU
Version: F-2011.09-SP3
Date   : Wed Oct 26 20:53:13 2022
****************************************

Library(s) Used:

    NangateOpenCellLibrary (File: /home/mariagrazia.graziano/do/libnangate/NangateOpenCellLibrary_typical_ecsm.db)

Number of ports:                          163
Number of nets:                           222
Number of cells:                            3
Number of combinational cells:              0
Number of sequential cells:                 0
Number of macros:                           0
Number of buf/inv:                          0
Number of references:                       3

Combinational area:       7291.060060
Noncombinational area:    8046.500259
Net Interconnect area:      undefined  (Wire load has zero net area)

Total cell area:          15337.560319
Total area:                 undefined
1
