Loading db file '/home/mariagrazia.graziano/do/libnangate/NangateOpenCellLibrary_typical_ecsm.db'
Information: Propagating switching activity (low effort zero delay simulation). (PWR-6)
Warning: Design has unannotated primary inputs. (PWR-414)
Warning: Design has unannotated sequential cell outputs. (PWR-415)
 
****************************************
Report : power
        -analysis_effort low
Design : CPU
Version: F-2011.09-SP3
Date   : Wed Oct 26 18:16:33 2022
****************************************


Library(s) Used:

    NangateOpenCellLibrary (File: /home/mariagrazia.graziano/do/libnangate/NangateOpenCellLibrary_typical_ecsm.db)


Operating Conditions: typical   Library: NangateOpenCellLibrary
Wire Load Model Mode: top

Design        Wire Load Model            Library
------------------------------------------------
CPU                    5K_hvratio_1_4    NangateOpenCellLibrary


Global Operating Voltage = 1.1  
Power-specific unit information :
    Voltage Units = 1V
    Capacitance Units = 1.000000ff
    Time Units = 1ns
    Dynamic Power Units = 1uW    (derived from V,C,T units)
    Leakage Power Units = 1nW


  Cell Internal Power  =   9.0690 mW   (79%)
  Net Switching Power  =   2.4151 mW   (21%)
                         ---------
Total Dynamic Power    =  11.4841 mW  (100%)

Cell Leakage Power     = 314.5463 uW


                 Internal         Switching           Leakage            Total
Power Group      Power            Power               Power              Power   (   %    )  Attrs
--------------------------------------------------------------------------------------------------
io_pad             0.0000            0.0000            0.0000            0.0000  (   0.00%)
memory             0.0000            0.0000            0.0000            0.0000  (   0.00%)
black_box          0.0000            0.0000            0.0000            0.0000  (   0.00%)
clock_network      4.8939        1.8609e+03           28.7064        1.8658e+03  (  15.81%)
register       8.8227e+03           61.0175        1.2259e+05        9.0064e+03  (  76.33%)
sequential         1.3866            0.5292        2.4922e+03            4.4081  (   0.04%)
combinational    240.0108          492.6278        1.8944e+05          922.0789  (   7.82%)
--------------------------------------------------------------------------------------------------
Total          9.0690e+03 uW     2.4151e+03 uW     3.1455e+05 nW     1.1799e+04 uW
1
