Loading db file '/home/mariagrazia.graziano/do/libnangate/NangateOpenCellLibrary_typical_ecsm.db'
Information: Propagating switching activity (low effort zero delay simulation). (PWR-6)
Warning: Design has unannotated primary inputs. (PWR-414)
Warning: Design has unannotated sequential cell outputs. (PWR-415)
 
****************************************
Report : power
        -analysis_effort low
Design : CPU
Version: F-2011.09-SP3
Date   : Wed Oct 26 20:53:16 2022
****************************************


Library(s) Used:

    NangateOpenCellLibrary (File: /home/mariagrazia.graziano/do/libnangate/NangateOpenCellLibrary_typical_ecsm.db)


Operating Conditions: typical   Library: NangateOpenCellLibrary
Wire Load Model Mode: top

Design        Wire Load Model            Library
------------------------------------------------
CPU                    5K_hvratio_1_4    NangateOpenCellLibrary


Global Operating Voltage = 1.1  
Power-specific unit information :
    Voltage Units = 1V
    Capacitance Units = 1.000000ff
    Time Units = 1ns
    Dynamic Power Units = 1uW    (derived from V,C,T units)
    Leakage Power Units = 1nW


  Cell Internal Power  =  10.3490 mW   (94%)
  Net Switching Power  = 629.2826 uW    (6%)
                         ---------
Total Dynamic Power    =  10.9782 mW  (100%)

Cell Leakage Power     = 309.3454 uW


                 Internal         Switching           Leakage            Total
Power Group      Power            Power               Power              Power   (   %    )  Attrs
--------------------------------------------------------------------------------------------------
io_pad             0.0000            0.0000            0.0000            0.0000  (   0.00%)
memory             0.0000            0.0000            0.0000            0.0000  (   0.00%)
black_box          0.0000            0.0000            0.0000            0.0000  (   0.00%)
clock_network      0.0000            0.0000            0.0000            0.0000  (   0.00%)
register       1.0084e+04           68.7434        1.1865e+05        1.0271e+04  (  91.00%)
sequential         1.1735            0.4479        2.4920e+03            4.1134  (   0.04%)
combinational    263.7146          560.0916        1.8820e+05        1.0120e+03  (   8.97%)
--------------------------------------------------------------------------------------------------
Total          1.0349e+04 uW       629.2829 uW     3.0935e+05 nW     1.1288e+04 uW
1
