 
****************************************
Report : area
Design : CPU
Version: F-2011.09-SP3
Date   : Wed Oct 26 19:41:42 2022
****************************************

Library(s) Used:

    NangateOpenCellLibrary (File: /home/mariagrazia.graziano/do/libnangate/NangateOpenCellLibrary_typical_ecsm.db)

Number of ports:                          163
Number of nets:                           222
Number of cells:                            3
Number of combinational cells:              0
Number of sequential cells:                 0
Number of macros:                           0
Number of buf/inv:                          0
Number of references:                       3

Combinational area:       6893.656070
Noncombinational area:    8075.760258
Net Interconnect area:      undefined  (Wire load has zero net area)

Total cell area:          14969.416328
Total area:                 undefined
1
