Loading db file '/home/mariagrazia.graziano/do/libnangate/NangateOpenCellLibrary_typical_ecsm.db'
Information: Propagating switching activity (low effort zero delay simulation). (PWR-6)
Warning: Design has unannotated primary inputs. (PWR-414)
Warning: Design has unannotated sequential cell outputs. (PWR-415)
 
****************************************
Report : power
        -analysis_effort low
Design : CPU
Version: F-2011.09-SP3
Date   : Wed Oct 26 19:59:13 2022
****************************************


Library(s) Used:

    NangateOpenCellLibrary (File: /home/mariagrazia.graziano/do/libnangate/NangateOpenCellLibrary_typical_ecsm.db)


Operating Conditions: typical   Library: NangateOpenCellLibrary
Wire Load Model Mode: top

Design        Wire Load Model            Library
------------------------------------------------
CPU                    5K_hvratio_1_4    NangateOpenCellLibrary


Global Operating Voltage = 1.1  
Power-specific unit information :
    Voltage Units = 1V
    Capacitance Units = 1.000000ff
    Time Units = 1ns
    Dynamic Power Units = 1uW    (derived from V,C,T units)
    Leakage Power Units = 1nW


  Cell Internal Power  =   8.3480 mW   (94%)
  Net Switching Power  = 496.4205 uW    (6%)
                         ---------
Total Dynamic Power    =   8.8444 mW  (100%)

Cell Leakage Power     = 301.5676 uW


                 Internal         Switching           Leakage            Total
Power Group      Power            Power               Power              Power   (   %    )  Attrs
--------------------------------------------------------------------------------------------------
io_pad             0.0000            0.0000            0.0000            0.0000  (   0.00%)
memory             0.0000            0.0000            0.0000            0.0000  (   0.00%)
black_box          0.0000            0.0000            0.0000            0.0000  (   0.00%)
clock_network      0.0000            0.0000            0.0000            0.0000  (   0.00%)
register       8.1453e+03           55.6670        1.1875e+05        8.3197e+03  (  90.97%)
sequential         0.9478            0.3617        2.4920e+03            3.8016  (   0.04%)
combinational    201.8108          440.3918        1.8032e+05          822.5255  (   8.99%)
--------------------------------------------------------------------------------------------------
Total          8.3480e+03 uW       496.4206 uW     3.0157e+05 nW     9.1460e+03 uW
1
